<?xml version="1.0" encoding="UTF-8"?>
<!-- Generated by org.testng.reporters.JUnitXMLReporter -->
<testsuite ignored="3" hostname="NANIPC" failures="0" tests="1" name="Default test" time="11.492" errors="0" timestamp="2025-05-30T09:37:44 IST">
  <testcase classname="tests.AB_testing_test" name="paragraphends" time="5.14"/>
  <testcase classname="tests.AB_testing_test" name="footer" time="0.0">
    <ignored/>
  </testcase> <!-- footer -->
  <testcase classname="tests.AB_testing_test" name="paragraphstart" time="0.0">
    <ignored/>
  </testcase> <!-- paragraphstart -->
  <testcase classname="tests.AB_testing_test" name="header" time="0.0">
    <ignored/>
  </testcase> <!-- header -->
</testsuite> <!-- Default test -->
