<?xml version="1.0" encoding="UTF-8"?>
<testng-results ignored="0" total="1" passed="1" failed="0" skipped="0">
  <reporter-output>
  </reporter-output>
  <suite started-at="2025-07-12T18:21:37 IST" name="ParallelTestSuite" finished-at="2025-07-12T18:22:18 IST" duration-ms="41153">
    <groups>
    </groups>
    <test started-at="2025-07-12T18:21:37 IST" name="Test" finished-at="2025-07-12T18:22:18 IST" duration-ms="41153">
      <class name="rough.prac5">
        <test-method signature="test()[pri:0, instance:rough.prac5@54e041a4]" started-at="2025-07-12T18:21:37 IST" name="test" finished-at="2025-07-12T18:22:17 IST" duration-ms="40884" status="PASS">
          <reporter-output>
          </reporter-output>
        </test-method> <!-- test -->
      </class> <!-- rough.prac5 -->
    </test> <!-- Test -->
  </suite> <!-- ParallelTestSuite -->
</testng-results>
